VPR FPGA Placement and Routing.
Version: 8.1.0-dev+dadca7ecf
Revision: v8.0.0-rc2-2894-gdadca7ecf
Compiled: 2020-10-14T15:08:54
Compiler: GNU 7.3.0 on Linux-4.15.0-1028-gcp x86_64
Build Info: Release IPO VTR_ASSERT_LEVEL=2

University of Toronto
verilogtorouting.org
vtr-users@googlegroups.com
This is free open source code under MIT license.

VPR was run with the following command-line:
vpr /home/hy/qorc-sdk/fpga_toolchain_install/v1.3.1/quicklogic-arch-defs/share/arch/ql-eos-s3_wlcsp/arch.timing.xml helloworldfpga.eblif --device ql-eos-s3 --max_router_iterations 500 --routing_failure_predictor off --router_high_fanout_threshold -1 --constant_net_method route --route_chan_width 100 --clock_modeling route --place_delay_model delta_override --router_lookahead map --check_route quick --strict_checks off --allow_dangling_combinational_nodes on --disable_errors check_unbuffered_edges:check_route --congested_routing_iteration_threshold 0.8 --incremental_reroute_delay_ripup off --base_cost_type delay_normalized_length_bounded --bb_factor 10 --initial_pres_fac 4.0 --check_rr_graph off --suppress_warnings ,sum_pin_class:check_unbuffered_edges:load_rr_indexed_data_T_values:check_rr_node:trans_per_R:check_route:set_rr_graph_tool_comment:warn_model_missing_timing --read_rr_graph /home/hy/qorc-sdk/fpga_toolchain_install/v1.3.1/quicklogic-arch-defs/share/arch/ql-eos-s3_wlcsp/rr_graph_ql-eos-s3_wlcsp.rr_graph.real.bin --read_placement_delay_lookup /home/hy/qorc-sdk/fpga_toolchain_install/v1.3.1/quicklogic-arch-defs/share/arch/ql-eos-s3_wlcsp/rr_graph_ql-eos-s3_wlcsp.place_delay.bin --sdc_file /home/hy/qorc-sdk/fpga_examples/loop/build/helloworldfpga_dummy.sdc --route

Using up to 1 parallel worker(s)

Architecture file: /home/hy/qorc-sdk/fpga_toolchain_install/v1.3.1/quicklogic-arch-defs/share/arch/ql-eos-s3_wlcsp/arch.timing.xml
Circuit name: helloworldfpga

# Loading Architecture Description
# Loading Architecture Description took 0.50 seconds (max_rss 31.0 MiB, delta_rss +25.1 MiB)
# Building complex block graph
# Building complex block graph took 0.10 seconds (max_rss 39.6 MiB, delta_rss +8.7 MiB)
# Load circuit
# Load circuit took 0.02 seconds (max_rss 41.0 MiB, delta_rss +1.4 MiB)
# Clean circuit
Absorbed 1009 LUT buffers
Inferred  106 additional primitive pins as constant generators since they have no combinationally connected inputs
Inferred   40 additional primitive pins as constant generators due to constant inputs
Inferred    0 additional primitive pins as constant generators since they have no combinationally connected inputs
Inferred    0 additional primitive pins as constant generators due to constant inputs
Inferred    0 additional primitive pins as constant generators since they have no combinationally connected inputs
Inferred    0 additional primitive pins as constant generators due to constant inputs
Swept input(s)      : 0
Swept output(s)     : 0 (0 dangling, 0 constant)
Swept net(s)        : 141
Swept block(s)      : 1
Constant Pins Marked: 146
# Clean circuit took 0.01 seconds (max_rss 42.8 MiB, delta_rss +1.8 MiB)
# Compress circuit
# Compress circuit took 0.00 seconds (max_rss 42.8 MiB, delta_rss +0.0 MiB)
# Verify circuit
# Verify circuit took 0.00 seconds (max_rss 42.8 MiB, delta_rss +0.0 MiB)
Circuit Statistics:
  Blocks: 148
    .output   :       8
    ASSP      :       1
    BIDIR_CELL:       8
    C_FRAG    :      13
    F_FRAG    :       2
    GND       :       1
    Q_FRAG    :      31
    T_FRAG    :      83
    VCC       :       1
  Nets  : 140
    Avg Fanout:     8.3
    Max Fanout:   501.0
    Min Fanout:     1.0
  Netlist Clocks: 1
# Build Timing Graph
  Timing Graph Nodes: 1306
  Timing Graph Edges: 2093
  Timing Graph Levels: 22
# Build Timing Graph took 0.00 seconds (max_rss 42.8 MiB, delta_rss +0.0 MiB)
Netlist contains 1 clocks
  Netlist Clock 'clk' Fanout: 31 pins (2.4%), 31 blocks (20.9%)
# Load Timing Constraints

SDC file '/home/hy/qorc-sdk/fpga_examples/loop/build/helloworldfpga_dummy.sdc' contained no SDC commands
Setting default timing constraints:
   * constrain all primay inputs and primary outputs on netlist clock 'clk'
   * optimize netlist clock to run as fast as possible
Timing constraints created 1 clocks
  Constrained Clock 'clk' Source: 'u_qlal4s3b_cell_macro.Sys_Clk0[0]'

# Load Timing Constraints took 0.00 seconds (max_rss 42.8 MiB, delta_rss +0.0 MiB)
Timing analysis: ON
Circuit netlist file: helloworldfpga.net
Circuit placement file: helloworldfpga.place
Circuit routing file: helloworldfpga.route
Circuit SDC file: /home/hy/qorc-sdk/fpga_examples/loop/build/helloworldfpga_dummy.sdc

Packer: ENABLED
Placer: ENABLED
Router: ENABLED
Analysis: ENABLED

NetlistOpts.abosrb_buffer_luts            : true
NetlistOpts.sweep_dangling_primary_ios    : true
NetlistOpts.sweep_dangling_nets           : true
NetlistOpts.sweep_dangling_blocks         : true
NetlistOpts.sweep_constant_primary_outputs: false
NetlistOpts.netlist_verbosity             : 1
NetlistOpts.const_gen_inference           : COMB_SEQ

PackerOpts.allow_unrelated_clustering: auto
PackerOpts.alpha_clustering: 0.750000
PackerOpts.beta_clustering: 0.900000
PackerOpts.cluster_seed_type: BLEND2
PackerOpts.connection_driven: true
PackerOpts.global_clocks: true
PackerOpts.hill_climbing_flag: false
PackerOpts.inter_cluster_net_delay: 1.000000
PackerOpts.timing_driven: true
PackerOpts.target_external_pin_util: auto

PlacerOpts.place_freq: PLACE_ONCE
PlacerOpts.place_algorithm: CRITICALITY_TIMING_PLACE
PlacerOpts.pad_loc_type: FREE
PlacerOpts.constraints_file: No constraints file given
PlacerOpts.place_cost_exp: 1.000000
PlacerOpts.place_chan_width: 100
PlacerOpts.inner_loop_recompute_divider: 0
PlacerOpts.recompute_crit_iter: 1
PlacerOpts.timing_tradeoff: 0.500000
PlacerOpts.td_place_exp_first: 1.000000
PlacerOpts.td_place_exp_last: 8.000000
PlacerOpts.delay_offset: 0.000000
PlacerOpts.delay_ramp_delta_threshold: -1
PlacerOpts.delay_ramp_slope: 0.000000
PlacerOpts.tsu_rel_margin: 1.000000
PlacerOpts.tsu_abs_margin: 0.000000
PlacerOpts.post_place_timing_report_file: 
PlacerOpts.allowed_tiles_for_delay_model: 
PlacerOpts.delay_model_reducer: MIN
PlacerOpts.delay_model_type: DELTA_OVERRIDE
PlacerOpts.rlim_escape_fraction: 0.000000
PlacerOpts.move_stats_file: 
PlacerOpts.placement_saves_per_temperature: 0
PlacerOpts.effort_scaling: CIRCUIT
PlacerOpts.place_delta_delay_matrix_calculation_method: ASTAR_ROUTE
PlaceOpts.seed: 1
AnnealSched.type: AUTO_SCHED
AnnealSched.inner_num: 1.000000

RouterOpts.route_type: DETAILED
RouterOpts.router_algorithm: TIMING_DRIVEN
RouterOpts.base_cost_type: DELAY_NORMALIZED_LENGTH_BOUNDED
RouterOpts.fixed_channel_width: 100
RouterOpts.check_route: QUICK
RouterOpts.trim_empty_chan: false
RouterOpts.trim_obs_chan: false
RouterOpts.acc_fac: 1.000000
RouterOpts.bb_factor: 10
RouterOpts.bend_cost: 0.000000
RouterOpts.first_iter_pres_fac: 0.000000
RouterOpts.initial_pres_fac: 4.000000
RouterOpts.pres_fac_mult: 1.300000
RouterOpts.max_router_iterations: 500
RouterOpts.min_incremental_reroute_fanout: 16
RouterOpts.do_check_rr_graph: false
RouterOpts.verify_binary_search: false
RouterOpts.min_channel_width_hint: 0
RouterOpts.read_rr_edge_metadata: false
RouterOpts.exit_after_first_routing_iteration: false
RouterOpts.astar_fac: 1.200000
RouterOpts.criticality_exp: 1.000000
RouterOpts.max_criticality: 0.990000
RouterOpts.init_wirelength_abort_threshold: 0.850000
RouterOpts.save_routing_per_iteration: false
RouterOpts.congested_routing_iteration_threshold_frac: 0.800000
RouterOpts.high_fanout_threshold: -1
RouterOpts.router_debug_net: -2
RouterOpts.router_debug_sink_rr: -2
RouterOpts.router_debug_iteration: -2
RouterOpts.max_convergence_count: 1
RouterOpts.reconvergence_cpd_threshold: 0.990000
RouterOpts.update_lower_bound_delays: true
RouterOpts.first_iteration_timing_report_file: 
RouterOpts.incr_reroute_delay_ripup: OFF
RouterOpts.route_bb_update: DYNAMIC
RouterOpts.lookahead_type: MAP
RouterOpts.initial_timing: LOOKAHEAD
RouterOpts.router_heap: BINARY_HEAP
RouterOpts.routing_failure_predictor = OFF
RouterOpts.routing_budgets_algorithm = DISABLE

AnalysisOpts.gen_post_synthesis_netlist: false
AnalysisOpts.timing_report_npaths: 100
AnalysisOpts.timing_report_skew: false
AnalysisOpts.echo_dot_timing_graph_node: -1
AnalysisOpts.timing_report_detail: NETLIST

RoutingArch.directionality: BI_DIRECTIONAL
RoutingArch.switch_block_type: WILTON
RoutingArch.Fs: 3

# Load Packing
Begin loading packed FPGA netlist file.
Netlist generated from file 'helloworldfpga.net'.
Detected 2 constant generators (to see names run with higher pack verbosity)
Finished loading packed FPGA netlist file (took 0.039484 seconds).
# Load Packing took 0.04 seconds (max_rss 44.3 MiB, delta_rss +1.5 MiB)
Warning 1: Netlist contains 0 global net to non-global architecture pin connections
Warning 2: Logic block #64 ($false) has only 1 output pin '$false.GND0_GND[0]'. It may be a constant generator.
Warning 3: Logic block #65 ($true) has only 1 output pin '$true.VCC0_VCC[0]'. It may be a constant generator.

Netlist num_nets: 104
Netlist num_blocks: 66
Netlist EMPTY blocks: 0.
Netlist PB-SYN_GND blocks: 1.
Netlist PB-BIDIR blocks: 8.
Netlist PB-ASSP blocks: 1.
Netlist PB-LOGIC blocks: 55.
Netlist PB-SDIOMUX blocks: 0.
Netlist PB-MULT blocks: 0.
Netlist PB-GMUX blocks: 0.
Netlist PB-CLOCK blocks: 0.
Netlist PB-RAM blocks: 0.
Netlist PB-SYN_VCC blocks: 1.
Netlist inputs pins: 0
Netlist output pins: 24


Pb types usage...
  PB-SYN_GND        : 1
   GND              : 1
  PB-BIDIR          : 8
   BIDIR            : 8
    OUTPUT          : 8
     bidir          : 8
     outpad         : 8
  PB-ASSP           : 1
   ASSP             : 1
  PB-LOGIC          : 55
   LOGIC            : 55
    FRAGS           : 55
     c_frag_modes   : 55
      SINGLE        : 13
       c_frag       : 13
      SPLIT         : 42
       b_frag       : 42
       t_frag       : 41
     f_frag         : 2
     q_frag_modes   : 31
      INT           : 28
       q_frag       : 28
      EXT           : 3
       q_frag       : 3
  PB-SYN_VCC        : 1
   VCC              : 1

# Create Device
## Build Device Grid
FPGA sized to 39 x 35: 1365 grid tiles (ql-eos-s3)

Resource usage...
	Netlist
		1	blocks of type: PB-SYN_GND
	Architecture
		1	blocks of type: TL-SYN_GND
	Netlist
		8	blocks of type: PB-BIDIR
	Architecture
		32	blocks of type: TL-BIDIR
	Netlist
		1	blocks of type: PB-ASSP
	Architecture
		1	blocks of type: TL-ASSP
	Netlist
		55	blocks of type: PB-LOGIC
	Architecture
		891	blocks of type: TL-LOGIC
	Netlist
		0	blocks of type: PB-SDIOMUX
	Architecture
		14	blocks of type: TL-SDIOMUX
	Netlist
		0	blocks of type: PB-MULT
	Architecture
		2	blocks of type: TL-MULT
	Netlist
		0	blocks of type: PB-GMUX
	Architecture
		5	blocks of type: TL-GMUX
	Netlist
		0	blocks of type: PB-CLOCK
	Architecture
		5	blocks of type: TL-CLOCK
	Netlist
		0	blocks of type: PB-RAM
	Architecture
		4	blocks of type: TL-RAM
	Netlist
		1	blocks of type: PB-SYN_VCC
	Architecture
		1	blocks of type: TL-SYN_VCC

Device Utilization: 0.05 (target 1.00)
	Physical Tile TL-LOGIC:
	Block Utilization: 0.06 Logical Block: PB-LOGIC
	Physical Tile TL-RAM:
	Block Utilization: 0.00 Logical Block: PB-RAM
	Physical Tile TL-MULT:
	Block Utilization: 0.00 Logical Block: PB-MULT
	Physical Tile TL-BIDIR:
	Block Utilization: 0.25 Logical Block: PB-BIDIR
	Physical Tile TL-CLOCK:
	Block Utilization: 0.00 Logical Block: PB-CLOCK
	Physical Tile TL-SDIOMUX:
	Block Utilization: 0.00 Logical Block: PB-SDIOMUX
	Physical Tile TL-GMUX:
	Block Utilization: 0.00 Logical Block: PB-GMUX
	Physical Tile TL-ASSP:
	Block Utilization: 1.00 Logical Block: PB-ASSP
	Physical Tile TL-SYN_VCC:
	Block Utilization: 1.00 Logical Block: PB-SYN_VCC
	Physical Tile TL-SYN_GND:
	Block Utilization: 1.00 Logical Block: PB-SYN_GND

## Build Device Grid took 0.01 seconds (max_rss 44.5 MiB, delta_rss +0.0 MiB)
## Loading routing resource graph


## Loading routing resource graph took 0.67 seconds (max_rss 351.8 MiB, delta_rss +307.3 MiB)
  RR Graph Nodes: 1396446
  RR Graph Edges: 2337988
# Create Device took 1.34 seconds (max_rss 351.8 MiB, delta_rss +307.3 MiB)

# Load Placement
Reading helloworldfpga.place.

Successfully read helloworldfpga.place.

# Load Placement took 0.00 seconds (max_rss 351.8 MiB, delta_rss +0.0 MiB)

# Computing router lookahead map
## Computing wire lookahead
Warning 4: Unable to find any sample location for segment CHANX type 'generic' (length 1)
Warning 5: Unable to find any sample location for segment CHANY type 'generic' (length 1)
Warning 6: Unable to find any sample location for segment CHANX type 'pad' (length 1)
Warning 7: Unable to find any sample location for segment CHANY type 'pad' (length 1)
## Computing wire lookahead took 18.98 seconds (max_rss 351.8 MiB, delta_rss +0.0 MiB)
## Computing src/opin lookahead
## Computing src/opin lookahead took 0.00 seconds (max_rss 351.8 MiB, delta_rss +0.0 MiB)
# Computing router lookahead map took 18.98 seconds (max_rss 351.8 MiB, delta_rss +0.0 MiB)
# Routing
  RR Graph Nodes: 1396446
  RR Graph Edges: 2337988
Confirming router algorithm: TIMING_DRIVEN.
## Initializing router criticalities
Initial Net Connection Criticality Histogram:
[        0:      0.1) 692 ( 63.5%) |***********************************************
[      0.1:      0.2)   0 (  0.0%) |
[      0.2:      0.3)  46 (  4.2%) |***
[      0.3:      0.4)  53 (  4.9%) |****
[      0.4:      0.5)  22 (  2.0%) |*
[      0.5:      0.6)  53 (  4.9%) |****
[      0.6:      0.7)  20 (  1.8%) |*
[      0.7:      0.8)  32 (  2.9%) |**
[      0.8:      0.9) 114 ( 10.5%) |********
[      0.9:        1)  57 (  5.2%) |****
## Initializing router criticalities took 0.00 seconds (max_rss 351.8 MiB, delta_rss +0.0 MiB)
---- ------ ------- ---- ------- ------- ------- ----------------- --------------- -------- ---------- ---------- ---------- ---------- --------
Iter   Time    pres  BBs    Heap  Re-Rtd  Re-Rtd Overused RR Nodes      Wirelength      CPD       sTNS       sWNS       hTNS       hWNS Est Succ
      (sec)     fac Updt    push    Nets   Conns                                       (ns)       (ns)       (ns)       (ns)       (ns)     Iter
---- ------ ------- ---- ------- ------- ------- ----------------- --------------- -------- ---------- ---------- ---------- ---------- --------
   1    5.7     0.0    0 2.7e+07     104    1089    1411 ( 0.101%)   26480 ( 1.9%)   50.867     -1724.    -50.867      0.000      0.000      N/A
   2    4.1     4.0    0 1.8e+07      86     665     697 ( 0.050%)   27128 ( 1.9%)   50.915     -1725.    -50.915      0.000      0.000      N/A
   3    3.3     5.2    0 1.4e+07      68     456     439 ( 0.031%)   27233 ( 1.9%)   50.912     -1726.    -50.912      0.000      0.000      N/A
   4    2.0     6.8    0 8954133      49     335     211 ( 0.015%)   27435 ( 1.9%)   50.912     -1727.    -50.912      0.000      0.000      N/A
   5    1.6     8.8    0 6977504      32     206     131 ( 0.009%)   27740 ( 2.0%)   50.912     -1727.    -50.912      0.000      0.000      N/A
   6    1.2    11.4    0 5413148      28     152     103 ( 0.007%)   27808 ( 2.0%)   50.873     -1729.    -50.873      0.000      0.000      N/A
   7    1.4    14.9    0 6099970      17     116      77 ( 0.006%)   27923 ( 2.0%)   50.873     -1730.    -50.873      0.000      0.000      N/A
   8    1.1    19.3    0 4697069      14      94      42 ( 0.003%)   28007 ( 2.0%)   50.873     -1730.    -50.873      0.000      0.000      N/A
   9    0.7    25.1    0 2868683      11      46      33 ( 0.002%)   28047 ( 2.0%)   50.873     -1731.    -50.873      0.000      0.000      N/A
  10    0.6    32.6    0 2444889       7      35      15 ( 0.001%)   28130 ( 2.0%)   50.873     -1733.    -50.873      0.000      0.000       19
  11    0.1    42.4    0  455380       5      22      19 ( 0.001%)   28140 ( 2.0%)   50.873     -1733.    -50.873      0.000      0.000       16
  12    0.2    55.1    0  813298       6      15       6 ( 0.000%)   28245 ( 2.0%)   50.873     -1734.    -50.873      0.000      0.000       18
  13    0.1    71.7    0  619604       3      14       0 ( 0.000%)   28230 ( 2.0%)   50.873     -1735.    -50.873      0.000      0.000       16
Restoring best routing
Critical path: 50.8734 ns
Successfully routed after 13 routing iterations.
Final Net Connection Criticality Histogram:
[        0:      0.1) 692 ( 63.5%) |***********************************************
[      0.1:      0.2)   0 (  0.0%) |
[      0.2:      0.3)  42 (  3.9%) |***
[      0.3:      0.4)  46 (  4.2%) |***
[      0.4:      0.5)  11 (  1.0%) |*
[      0.5:      0.6)  23 (  2.1%) |**
[      0.6:      0.7)  51 (  4.7%) |***
[      0.7:      0.8)  28 (  2.6%) |**
[      0.8:      0.9)  38 (  3.5%) |***
[      0.9:        1) 158 ( 14.5%) |***********
Router Stats: total_nets_routed: 430 total_connections_routed: 3245 total_heap_pushes: 98647037 total_heap_pops: 83383325
# Routing took 22.76 seconds (max_rss 351.8 MiB, delta_rss +0.0 MiB)

Checking to ensure routing is legal...
Completed routing consistency check successfully.

Serial number (magic cookie) for the routing is: -16659904
Circuit successfully routed with a channel width factor of 100.

Incr Slack updates 14 in 0.000363929 sec
Full Max Req/Worst Slack updates 3 in 1.3671e-05 sec
Incr Max Req/Worst Slack updates 11 in 8.5319e-05 sec
Incr Criticality updates 9 in 0.000283244 sec
Full Criticality updates 5 in 0.000227515 sec

Average number of bends per net: 227.231  Maximum # of bends: 6133

Number of global nets: 0
Number of routed nets (nonglobal): 104
Wire length results (in units of 1 clb segments)...
	Total wirelength: 26806, average net length: 257.750
	Maximum net length: 8053

Wire length results in terms of physical segments...
	Total wiring segments used: 24112, average wire segments per net: 231.846
	Maximum segments used by a net: 6336
	Total local nets with reserved CLB opins: 0

Routing channel utilization histogram:
[        1:      inf)    0 (  0.0%) |
[      0.9:        1)   54 (  2.1%) |*
[      0.8:      0.9)    0 (  0.0%) |
[      0.7:      0.8)    6 (  0.2%) |
[      0.5:      0.6)    0 (  0.0%) |
[      0.4:      0.5)    0 (  0.0%) |
[      0.3:      0.4)    6 (  0.2%) |
[      0.2:      0.3)   74 (  2.9%) |*
[      0.1:      0.2)   60 (  2.3%) |*
[        0:      0.1) 2384 ( 92.3%) |**********************************************
Maximum routing channel utilization:         1 at (1,3)

X - Directed channels:   j max occ ave occ capacity
                      ---- ------- ------- --------
                         0       2   1.231        2
                         1     161  10.026      221
                         2       0   0.000        0
                         3      91  23.103      635
                         4      66   2.410      623
                         5      70   2.154      658
                         6      77   2.256      623
                         7      74   4.692      623
                         8      28   2.897      623
                         9     182  11.128      623
                        10     160  12.308      665
                        11     218  26.513      623
                        12     227  33.359      647
                        13     240  32.667      623
                        14     212  33.077      623
                        15     204  29.410      623
                        16     233  48.897      623
                        17     197  32.769      623
                        18     223  31.154      725
                        19       0   0.000      623
                        20       0   0.000      623
                        21       0   0.000      623
                        22       0   0.000      623
                        23       0   0.000      623
                        24       0   0.000      623
                        25       0   0.000      657
                        26       0   0.000      634
                        27       0   0.000      623
                        28       0   0.000      623
                        29       0   0.000      624
                        30       0   0.000      625
                        31       0   0.000      626
                        32       0   0.000      786
                        33       0   0.000      269
Y - Directed channels:   i max occ ave occ capacity
                      ---- ------- ------- --------
                         0       0   0.000        2
                         1      47   4.057      287
                         2       1   0.029        4
                         3     177  54.629      848
                         4      36   2.286      874
                         5      54   2.600      819
                         6      30   5.286      760
                         7      46   3.343      761
                         8      11   1.314      761
                         9      46   4.114      761
                        10      29   3.171      757
                        11      15   2.914      775
                        12     188  20.171      757
                        13     188  17.743      761
                        14     172  19.571      761
                        15     195  33.286      761
                        16     210  42.829      761
                        17     220  45.600      761
                        18     237  54.571      761
                        19     211  41.771      816
                        20     160  23.314      761
                        21      11   0.600      883
                        22       0   0.000      761
                        23      11   0.314      761
                        24      30   1.771      761
                        25       0   0.000      761
                        26      29   0.943      757
                        27      12   0.743      775
                        28       0   0.000      757
                        29       0   0.000      761
                        30       0   0.000      761
                        31       0   0.000      761
                        32       0   0.000      761
                        33       0   0.000      763
                        34       0   0.000      762
                        35       0   0.000      764
                        36       0   0.000     1024
                        37       0   0.000      164

Total tracks in x-direction: 19611, in y-direction: 27046

Logic area (in minimum width transistor areas, excludes I/Os and empty grid tiles)...
	Total logic block area (Warning, need to add pitch of routing to blocks with height > 3): 1.3515e+07
	Total used logic block area: 870000

Routing area (in minimum width transistor areas)...
	Assuming no buffer sharing (pessimistic). Total: 1.07847e+09, per logic tile: 790090.
	Assuming buffer sharing (slightly optimistic). Total: 8.38760e+08, per logic tile: 614476.


Segment usage by type (index):    name type utilization
                               ------- ---- -----------
                                  sbox    2      0.0156
                                   vcc    3      0.0836
                                   gnd    4      0.0958
                                  hop1    5      0.0185
                                  hop2    6      0.0267
                                  hop3    7      0.0128
                                  hop4    8      0.0158
                                 clock    9           0
                               special   10      0.0828

Segment usage by length: length utilization
                         ------ -----------
                              1      0.0161
                              2      0.0267
                              3      0.0128
                              4      0.0158


Final hold Worst Negative Slack (hWNS): 0 ns
Final hold Total Negative Slack (hTNS): 0 ns

Final hold slack histogram:
[  4.2e-09:  7.6e-09) 19 ( 52.8%) |************************************************
[  7.6e-09:  1.1e-08)  9 ( 25.0%) |***********************
[  1.1e-08:  1.4e-08)  0 (  0.0%) |
[  1.4e-08:  1.8e-08)  0 (  0.0%) |
[  1.8e-08:  2.1e-08)  0 (  0.0%) |
[  2.1e-08:  2.4e-08)  0 (  0.0%) |
[  2.4e-08:  2.8e-08)  0 (  0.0%) |
[  2.8e-08:  3.1e-08)  0 (  0.0%) |
[  3.1e-08:  3.4e-08)  2 (  5.6%) |*****
[  3.4e-08:  3.8e-08)  6 ( 16.7%) |***************

Final critical path delay (least slack): 50.8011 ns, Fmax: 19.6846 MHz
Final setup Worst Negative Slack (sWNS): -50.8011 ns
Final setup Total Negative Slack (sTNS): -1732.78 ns

Final setup slack histogram:
[ -5.1e-08:   -5e-08) 3 (  8.3%) |******************
[   -5e-08: -4.9e-08) 4 ( 11.1%) |*************************
[ -4.9e-08: -4.9e-08) 8 ( 22.2%) |*************************************************
[ -4.9e-08: -4.8e-08) 7 ( 19.4%) |*******************************************
[ -4.8e-08: -4.7e-08) 6 ( 16.7%) |*************************************
[ -4.7e-08: -4.6e-08) 4 ( 11.1%) |*************************
[ -4.6e-08: -4.6e-08) 3 (  8.3%) |******************
[ -4.6e-08: -4.5e-08) 0 (  0.0%) |
[ -4.5e-08: -4.4e-08) 0 (  0.0%) |
[ -4.4e-08: -4.3e-08) 1 (  2.8%) |******

Final geomean non-virtual intra-domain period: 50.8011 ns (19.6846 MHz)
Final fanout-weighted geomean non-virtual intra-domain period: 50.8011 ns (19.6846 MHz)

Incr Slack updates 1 in 3.5324e-05 sec
Full Max Req/Worst Slack updates 1 in 4.323e-06 sec
Incr Max Req/Worst Slack updates 0 in 0 sec
Incr Criticality updates 0 in 0 sec
Full Criticality updates 1 in 4.781e-05 sec
Flow timing analysis took 0.0135474 seconds (0.0118413 STA, 0.00170612 slack) (15 full updates: 0 setup, 0 hold, 15 combined).
VPR succeeded
The entire flow of VPR took 43.90 seconds (max_rss 351.8 MiB)
